# JRE version: OpenJDK Runtime Environment (11.0.10) (build 11.0.10+0-b96-7249189)
# Java VM: OpenJDK 64-Bit Server VM (11.0.10+0-b96-7249189, mixed mode, tiered, compressed oops, g1 gc, windows-amd64)
Heap:
 garbage-first heap   total 260096K, used 199952K [0x0000000080000000, 0x0000000100000000)
  region size 1024K, 23 young (23552K), 2 survivors (2048K)
 Metaspace       used 89677K, capacity 96986K, committed 97144K, reserved 1132544K
  class space    used 11754K, capacity 14524K, committed 14540K, reserved 1048576K
GC Heap History (20 events):
Event: 23.465 GC heap before
{Heap before GC invocations=20 (full 0):
 garbage-first heap   total 260096K, used 190792K [0x0000000080000000, 0x0000000100000000)
  region size 1024K, 116 young (118784K), 8 survivors (8192K)
 Metaspace       used 76351K, capacity 79792K, committed 80120K, reserved 1118208K
  class space    used 9897K, capacity 11230K, committed 11340K, reserved 1048576K
}
Event: 23.478 GC heap after
{Heap after GC invocations=21 (full 0):
 garbage-first heap   total 260096K, used 94383K [0x0000000080000000, 0x0000000100000000)
  region size 1024K, 15 young (15360K), 15 survivors (15360K)
 Metaspace       used 76351K, capacity 79792K, committed 80120K, reserved 1118208K
  class space    used 9897K, capacity 11230K, committed 11340K, reserved 1048576K
}
Event: 23.490 GC heap before
{Heap before GC invocations=21 (full 0):
 garbage-first heap   total 260096K, used 95407K [0x0000000080000000, 0x0000000100000000)
  region size 1024K, 16 young (16384K), 15 survivors (15360K)
 Metaspace       used 76374K, capacity 79792K, committed 80120K, reserved 1118208K
  class space    used 9897K, capacity 11230K, committed 11340K, reserved 1048576K
}
Event: 23.499 GC heap after
{Heap after GC invocations=22 (full 0):
 garbage-first heap   total 260096K, used 95945K [0x0000000080000000, 0x0000000100000000)
  region size 1024K, 2 young (2048K), 2 survivors (2048K)
 Metaspace       used 76374K, capacity 79792K, committed 80120K, reserved 1118208K
  class space    used 9897K, capacity 11230K, committed 11340K, reserved 1048576K
}
Event: 24.227 GC heap before
{Heap before GC invocations=22 (full 0):
 garbage-first heap   total 260096K, used 197321K [0x0000000080000000, 0x0000000100000000)
  region size 1024K, 98 young (100352K), 2 survivors (2048K)
 Metaspace       used 79716K, capacity 84049K, committed 84216K, reserved 1122304K
  class space    used 10310K, capacity 12039K, committed 12108K, reserved 1048576K
}
Event: 24.236 GC heap after
{Heap after GC invocations=23 (full 0):
 garbage-first heap   total 260096K, used 113664K [0x0000000080000000, 0x0000000100000000)
  region size 1024K, 13 young (13312K), 13 survivors (13312K)
 Metaspace       used 79716K, capacity 84049K, committed 84216K, reserved 1122304K
  class space    used 10310K, capacity 12039K, committed 12108K, reserved 1048576K
}
Event: 24.799 GC heap before
{Heap before GC invocations=23 (full 0):
 garbage-first heap   total 260096K, used 199680K [0x0000000080000000, 0x0000000100000000)
  region size 1024K, 96 young (98304K), 13 survivors (13312K)
 Metaspace       used 81853K, capacity 87235K, committed 87416K, reserved 1124352K
  class space    used 10605K, capacity 12666K, committed 12748K, reserved 1048576K
}
Event: 24.813 GC heap after
{Heap after GC invocations=24 (full 0):
 garbage-first heap   total 260096K, used 133052K [0x0000000080000000, 0x0000000100000000)
  region size 1024K, 12 young (12288K), 12 survivors (12288K)
 Metaspace       used 81853K, capacity 87235K, committed 87416K, reserved 1124352K
  class space    used 10605K, capacity 12666K, committed 12748K, reserved 1048576K
}
Event: 25.261 GC heap before
{Heap before GC invocations=24 (full 0):
 garbage-first heap   total 260096K, used 199612K [0x0000000080000000, 0x0000000100000000)
  region size 1024K, 78 young (79872K), 12 survivors (12288K)
 Metaspace       used 82880K, capacity 89396K, committed 89720K, reserved 1126400K
  class space    used 10776K, capacity 13160K, committed 13260K, reserved 1048576K
}
Event: 25.275 GC heap after
{Heap after GC invocations=25 (full 0):
 garbage-first heap   total 260096K, used 147733K [0x0000000080000000, 0x0000000100000000)
  region size 1024K, 10 young (10240K), 10 survivors (10240K)
 Metaspace       used 82880K, capacity 89396K, committed 89720K, reserved 1126400K
  class space    used 10776K, capacity 13160K, committed 13260K, reserved 1048576K
}
Event: 25.685 GC heap before
{Heap before GC invocations=26 (full 0):
 garbage-first heap   total 260096K, used 204053K [0x0000000080000000, 0x0000000100000000)
  region size 1024K, 65 young (66560K), 10 survivors (10240K)
 Metaspace       used 85064K, capacity 92095K, committed 92280K, reserved 1128448K
  class space    used 11114K, capacity 13721K, committed 13772K, reserved 1048576K
}
Event: 25.697 GC heap after
{Heap after GC invocations=27 (full 0):
 garbage-first heap   total 260096K, used 158224K [0x0000000080000000, 0x0000000100000000)
  region size 1024K, 9 young (9216K), 9 survivors (9216K)
 Metaspace       used 85064K, capacity 92095K, committed 92280K, reserved 1128448K
  class space    used 11114K, capacity 13721K, committed 13772K, reserved 1048576K
}
Event: 25.715 GC heap before
{Heap before GC invocations=27 (full 0):
 garbage-first heap   total 260096K, used 161296K [0x0000000080000000, 0x0000000100000000)
  region size 1024K, 12 young (12288K), 9 survivors (9216K)
 Metaspace       used 85465K, capacity 92479K, committed 92664K, reserved 1128448K
  class space    used 11160K, capacity 13785K, committed 13900K, reserved 1048576K
}
Event: 25.722 GC heap after
{Heap after GC invocations=28 (full 0):
 garbage-first heap   total 260096K, used 156227K [0x0000000080000000, 0x0000000100000000)
  region size 1024K, 2 young (2048K), 2 survivors (2048K)
 Metaspace       used 85465K, capacity 92479K, committed 92664K, reserved 1128448K
  class space    used 11160K, capacity 13785K, committed 13900K, reserved 1048576K
}
Event: 26.090 GC heap before
{Heap before GC invocations=28 (full 0):
 garbage-first heap   total 260096K, used 207427K [0x0000000080000000, 0x0000000100000000)
  region size 1024K, 52 young (53248K), 2 survivors (2048K)
 Metaspace       used 88227K, capacity 95408K, committed 95608K, reserved 1130496K
  class space    used 11573K, capacity 14253K, committed 14284K, reserved 1048576K
}
Event: 26.099 GC heap after
{Heap after GC invocations=29 (full 0):
 garbage-first heap   total 260096K, used 163185K [0x0000000080000000, 0x0000000100000000)
  region size 1024K, 7 young (7168K), 7 survivors (7168K)
 Metaspace       used 88227K, capacity 95408K, committed 95608K, reserved 1130496K
  class space    used 11573K, capacity 14253K, committed 14284K, reserved 1048576K
}
Event: 26.394 GC heap before
{Heap before GC invocations=30 (full 0):
 garbage-first heap   total 260096K, used 210289K [0x0000000080000000, 0x0000000100000000)
  region size 1024K, 53 young (54272K), 7 survivors (7168K)
 Metaspace       used 88900K, capacity 96146K, committed 96248K, reserved 1130496K
  class space    used 11643K, capacity 14340K, committed 14412K, reserved 1048576K
}
Event: 26.410 GC heap after
{Heap after GC invocations=31 (full 0):
 garbage-first heap   total 260096K, used 179428K [0x0000000080000000, 0x0000000100000000)
  region size 1024K, 7 young (7168K), 7 survivors (7168K)
 Metaspace       used 88900K, capacity 96146K, committed 96248K, reserved 1130496K
  class space    used 11643K, capacity 14340K, committed 14412K, reserved 1048576K
}
Event: 26.460 GC heap before
{Heap before GC invocations=31 (full 0):
 garbage-first heap   total 260096K, used 184548K [0x0000000080000000, 0x0000000100000000)
  region size 1024K, 12 young (12288K), 7 survivors (7168K)
 Metaspace       used 89103K, capacity 96253K, committed 96504K, reserved 1132544K
  class space    used 11666K, capacity 14375K, committed 14412K, reserved 1048576K
}
Event: 26.469 GC heap after
{Heap after GC invocations=32 (full 0):
 garbage-first heap   total 260096K, used 179472K [0x0000000080000000, 0x0000000100000000)
  region size 1024K, 2 young (2048K), 2 survivors (2048K)
 Metaspace       used 89103K, capacity 96253K, committed 96504K, reserved 1132544K
  class space    used 11666K, capacity 14375K, committed 14412K, reserved 1048576K
}

