# JRE version: OpenJDK Runtime Environment (11.0.10) (build 11.0.10+0-b96-7249189)
# Java VM: OpenJDK 64-Bit Server VM (11.0.10+0-b96-7249189, mixed mode, tiered, compressed oops, g1 gc, windows-amd64)
Heap:
 garbage-first heap   total 260096K, used 122877K [0x0000000080000000, 0x0000000100000000)
  region size 1024K, 19 young (19456K), 12 survivors (12288K)
 Metaspace       used 84580K, capacity 89038K, committed 89260K, reserved 1126400K
  class space    used 10505K, capacity 12263K, committed 12288K, reserved 1048576K
GC Heap History (20 events):
Event: 407.929 GC heap before
{Heap before GC invocations=44 (full 0):
 garbage-first heap   total 260096K, used 183789K [0x0000000080000000, 0x0000000100000000)
  region size 1024K, 70 young (71680K), 10 survivors (10240K)
 Metaspace       used 84306K, capacity 88699K, committed 88748K, reserved 1126400K
  class space    used 10503K, capacity 12260K, committed 12288K, reserved 1048576K
}
Event: 407.937 GC heap after
{Heap after GC invocations=45 (full 0):
 garbage-first heap   total 260096K, used 127870K [0x0000000080000000, 0x0000000100000000)
  region size 1024K, 9 young (9216K), 9 survivors (9216K)
 Metaspace       used 84306K, capacity 88699K, committed 88748K, reserved 1126400K
  class space    used 10503K, capacity 12260K, committed 12288K, reserved 1048576K
}
Event: 473.702 GC heap before
{Heap before GC invocations=45 (full 0):
 garbage-first heap   total 260096K, used 130942K [0x0000000080000000, 0x0000000100000000)
  region size 1024K, 12 young (12288K), 9 survivors (9216K)
 Metaspace       used 84338K, capacity 88766K, committed 89004K, reserved 1126400K
  class space    used 10504K, capacity 12261K, committed 12288K, reserved 1048576K
}
Event: 473.713 GC heap after
{Heap after GC invocations=46 (full 0):
 garbage-first heap   total 260096K, used 110938K [0x0000000080000000, 0x0000000100000000)
  region size 1024K, 2 young (2048K), 2 survivors (2048K)
 Metaspace       used 84338K, capacity 88766K, committed 89004K, reserved 1126400K
  class space    used 10504K, capacity 12261K, committed 12288K, reserved 1048576K
}
Event: 475.297 GC heap before
{Heap before GC invocations=46 (full 0):
 garbage-first heap   total 260096K, used 186714K [0x0000000080000000, 0x0000000100000000)
  region size 1024K, 77 young (78848K), 2 survivors (2048K)
 Metaspace       used 84338K, capacity 88766K, committed 89004K, reserved 1126400K
  class space    used 10504K, capacity 12261K, committed 12288K, reserved 1048576K
}
Event: 475.301 GC heap after
{Heap after GC invocations=47 (full 0):
 garbage-first heap   total 260096K, used 111154K [0x0000000080000000, 0x0000000100000000)
  region size 1024K, 3 young (3072K), 3 survivors (3072K)
 Metaspace       used 84338K, capacity 88766K, committed 89004K, reserved 1126400K
  class space    used 10504K, capacity 12261K, committed 12288K, reserved 1048576K
}
Event: 476.036 GC heap before
{Heap before GC invocations=47 (full 0):
 garbage-first heap   total 260096K, used 192050K [0x0000000080000000, 0x0000000100000000)
  region size 1024K, 82 young (83968K), 3 survivors (3072K)
 Metaspace       used 84348K, capacity 88766K, committed 89004K, reserved 1126400K
  class space    used 10504K, capacity 12261K, committed 12288K, reserved 1048576K
}
Event: 476.039 GC heap after
{Heap after GC invocations=48 (full 0):
 garbage-first heap   total 260096K, used 113825K [0x0000000080000000, 0x0000000100000000)
  region size 1024K, 5 young (5120K), 5 survivors (5120K)
 Metaspace       used 84348K, capacity 88766K, committed 89004K, reserved 1126400K
  class space    used 10504K, capacity 12261K, committed 12288K, reserved 1048576K
}
Event: 476.747 GC heap before
{Heap before GC invocations=49 (full 0):
 garbage-first heap   total 260096K, used 191649K [0x0000000080000000, 0x0000000100000000)
  region size 1024K, 86 young (88064K), 5 survivors (5120K)
 Metaspace       used 84464K, capacity 88894K, committed 89004K, reserved 1126400K
  class space    used 10504K, capacity 12261K, committed 12288K, reserved 1048576K
}
Event: 476.754 GC heap after
{Heap after GC invocations=50 (full 0):
 garbage-first heap   total 260096K, used 120425K [0x0000000080000000, 0x0000000100000000)
  region size 1024K, 11 young (11264K), 11 survivors (11264K)
 Metaspace       used 84464K, capacity 88894K, committed 89004K, reserved 1126400K
  class space    used 10504K, capacity 12261K, committed 12288K, reserved 1048576K
}
Event: 476.762 GC heap before
{Heap before GC invocations=50 (full 0):
 garbage-first heap   total 260096K, used 121449K [0x0000000080000000, 0x0000000100000000)
  region size 1024K, 12 young (12288K), 11 survivors (11264K)
 Metaspace       used 84467K, capacity 88895K, committed 89004K, reserved 1126400K
  class space    used 10504K, capacity 12261K, committed 12288K, reserved 1048576K
}
Event: 476.765 GC heap after
{Heap after GC invocations=51 (full 0):
 garbage-first heap   total 260096K, used 99297K [0x0000000080000000, 0x0000000100000000)
  region size 1024K, 2 young (2048K), 2 survivors (2048K)
 Metaspace       used 84467K, capacity 88895K, committed 89004K, reserved 1126400K
  class space    used 10504K, capacity 12261K, committed 12288K, reserved 1048576K
}
Event: 479.392 GC heap before
{Heap before GC invocations=51 (full 0):
 garbage-first heap   total 260096K, used 187361K [0x0000000080000000, 0x0000000100000000)
  region size 1024K, 88 young (90112K), 2 survivors (2048K)
 Metaspace       used 84579K, capacity 89044K, committed 89260K, reserved 1126400K
  class space    used 10505K, capacity 12264K, committed 12288K, reserved 1048576K
}
Event: 479.402 GC heap after
{Heap after GC invocations=52 (full 0):
 garbage-first heap   total 260096K, used 106896K [0x0000000080000000, 0x0000000100000000)
  region size 1024K, 10 young (10240K), 10 survivors (10240K)
 Metaspace       used 84579K, capacity 89044K, committed 89260K, reserved 1126400K
  class space    used 10505K, capacity 12264K, committed 12288K, reserved 1048576K
}
Event: 480.201 GC heap before
{Heap before GC invocations=53 (full 0):
 garbage-first heap   total 260096K, used 188816K [0x0000000080000000, 0x0000000100000000)
  region size 1024K, 94 young (96256K), 10 survivors (10240K)
 Metaspace       used 84575K, capacity 89038K, committed 89260K, reserved 1126400K
  class space    used 10505K, capacity 12263K, committed 12288K, reserved 1048576K
}
Event: 480.206 GC heap after
{Heap after GC invocations=54 (full 0):
 garbage-first heap   total 260096K, used 103258K [0x0000000080000000, 0x0000000100000000)
  region size 1024K, 7 young (7168K), 7 survivors (7168K)
 Metaspace       used 84575K, capacity 89038K, committed 89260K, reserved 1126400K
  class space    used 10505K, capacity 12263K, committed 12288K, reserved 1048576K
}
Event: 480.253 GC heap before
{Heap before GC invocations=54 (full 0):
 garbage-first heap   total 260096K, used 108378K [0x0000000080000000, 0x0000000100000000)
  region size 1024K, 12 young (12288K), 7 survivors (7168K)
 Metaspace       used 84575K, capacity 89038K, committed 89260K, reserved 1126400K
  class space    used 10505K, capacity 12263K, committed 12288K, reserved 1048576K
}
Event: 480.258 GC heap after
{Heap after GC invocations=55 (full 0):
 garbage-first heap   total 260096K, used 98524K [0x0000000080000000, 0x0000000100000000)
  region size 1024K, 2 young (2048K), 2 survivors (2048K)
 Metaspace       used 84575K, capacity 89038K, committed 89260K, reserved 1126400K
  class space    used 10505K, capacity 12263K, committed 12288K, reserved 1048576K
}
Event: 481.061 GC heap before
{Heap before GC invocations=55 (full 0):
 garbage-first heap   total 260096K, used 193756K [0x0000000080000000, 0x0000000100000000)
  region size 1024K, 95 young (97280K), 2 survivors (2048K)
 Metaspace       used 84580K, capacity 89038K, committed 89260K, reserved 1126400K
  class space    used 10505K, capacity 12263K, committed 12288K, reserved 1048576K
}
Event: 481.070 GC heap after
{Heap after GC invocations=56 (full 0):
 garbage-first heap   total 260096K, used 116733K [0x0000000080000000, 0x0000000100000000)
  region size 1024K, 12 young (12288K), 12 survivors (12288K)
 Metaspace       used 84580K, capacity 89038K, committed 89260K, reserved 1126400K
  class space    used 10505K, capacity 12263K, committed 12288K, reserved 1048576K
}

