# JRE version: OpenJDK Runtime Environment (11.0.10) (build 11.0.10+0-b96-7249189)
# Java VM: OpenJDK 64-Bit Server VM (11.0.10+0-b96-7249189, mixed mode, tiered, compressed oops, g1 gc, windows-amd64)
Heap:
 garbage-first heap   total 260096K, used 109794K [0x0000000080000000, 0x0000000100000000)
  region size 1024K, 30 young (30720K), 16 survivors (16384K)
 Metaspace       used 64402K, capacity 66485K, committed 66560K, reserved 1107968K
  class space    used 8114K, capacity 8918K, committed 8960K, reserved 1048576K
GC Heap History (20 events):
Event: 1.611 GC heap before
{Heap before GC invocations=1 (full 0):
 garbage-first heap   total 260096K, used 95002K [0x0000000080000000, 0x0000000100000000)
  region size 1024K, 88 young (90112K), 3 survivors (3072K)
 Metaspace       used 20574K, capacity 21085K, committed 21248K, reserved 1067008K
  class space    used 2520K, capacity 2703K, committed 2816K, reserved 1048576K
}
Event: 1.618 GC heap after
{Heap after GC invocations=2 (full 0):
 garbage-first heap   total 260096K, used 15986K [0x0000000080000000, 0x0000000100000000)
  region size 1024K, 10 young (10240K), 10 survivors (10240K)
 Metaspace       used 20574K, capacity 21085K, committed 21248K, reserved 1067008K
  class space    used 2520K, capacity 2703K, committed 2816K, reserved 1048576K
}
Event: 1.918 GC heap before
{Heap before GC invocations=3 (full 0):
 garbage-first heap   total 260096K, used 60018K [0x0000000080000000, 0x0000000100000000)
  region size 1024K, 53 young (54272K), 10 survivors (10240K)
 Metaspace       used 25198K, capacity 25767K, committed 25856K, reserved 1071104K
  class space    used 3280K, capacity 3502K, committed 3584K, reserved 1048576K
}
Event: 1.922 GC heap after
{Heap after GC invocations=4 (full 0):
 garbage-first heap   total 260096K, used 17641K [0x0000000080000000, 0x0000000100000000)
  region size 1024K, 2 young (2048K), 2 survivors (2048K)
 Metaspace       used 25198K, capacity 25767K, committed 25856K, reserved 1071104K
  class space    used 3280K, capacity 3502K, committed 3584K, reserved 1048576K
}
Event: 2.548 GC heap before
{Heap before GC invocations=4 (full 0):
 garbage-first heap   total 260096K, used 86249K [0x0000000080000000, 0x0000000100000000)
  region size 1024K, 68 young (69632K), 2 survivors (2048K)
 Metaspace       used 35138K, capacity 35798K, committed 35840K, reserved 1081344K
  class space    used 4553K, capacity 4844K, committed 4864K, reserved 1048576K
}
Event: 2.555 GC heap after
{Heap after GC invocations=5 (full 0):
 garbage-first heap   total 260096K, used 23759K [0x0000000080000000, 0x0000000100000000)
  region size 1024K, 6 young (6144K), 6 survivors (6144K)
 Metaspace       used 35138K, capacity 35798K, committed 35840K, reserved 1081344K
  class space    used 4553K, capacity 4844K, committed 4864K, reserved 1048576K
}
Event: 3.873 GC heap before
{Heap before GC invocations=6 (full 0):
 garbage-first heap   total 260096K, used 115919K [0x0000000080000000, 0x0000000100000000)
  region size 1024K, 97 young (99328K), 6 survivors (6144K)
 Metaspace       used 40182K, capacity 41085K, committed 41344K, reserved 1085440K
  class space    used 5091K, capacity 5457K, committed 5504K, reserved 1048576K
}
Event: 3.886 GC heap after
{Heap after GC invocations=7 (full 0):
 garbage-first heap   total 260096K, used 30288K [0x0000000080000000, 0x0000000100000000)
  region size 1024K, 13 young (13312K), 13 survivors (13312K)
 Metaspace       used 40182K, capacity 41085K, committed 41344K, reserved 1085440K
  class space    used 5091K, capacity 5457K, committed 5504K, reserved 1048576K
}
Event: 5.979 GC heap before
{Heap before GC invocations=8 (full 0):
 garbage-first heap   total 260096K, used 166480K [0x0000000080000000, 0x0000000100000000)
  region size 1024K, 146 young (149504K), 13 survivors (13312K)
 Metaspace       used 40752K, capacity 41691K, committed 41984K, reserved 1085440K
  class space    used 5153K, capacity 5554K, committed 5632K, reserved 1048576K
}
Event: 5.987 GC heap after
{Heap after GC invocations=9 (full 0):
 garbage-first heap   total 260096K, used 33359K [0x0000000080000000, 0x0000000100000000)
  region size 1024K, 11 young (11264K), 11 survivors (11264K)
 Metaspace       used 40752K, capacity 41691K, committed 41984K, reserved 1085440K
  class space    used 5153K, capacity 5554K, committed 5632K, reserved 1048576K
}
Event: 9.891 GC heap before
{Heap before GC invocations=9 (full 0):
 garbage-first heap   total 260096K, used 174671K [0x0000000080000000, 0x0000000100000000)
  region size 1024K, 148 young (151552K), 11 survivors (11264K)
 Metaspace       used 45104K, capacity 46372K, committed 46464K, reserved 1089536K
  class space    used 5690K, capacity 6205K, committed 6272K, reserved 1048576K
}
Event: 9.903 GC heap after
{Heap after GC invocations=10 (full 0):
 garbage-first heap   total 260096K, used 49956K [0x0000000080000000, 0x0000000100000000)
  region size 1024K, 19 young (19456K), 19 survivors (19456K)
 Metaspace       used 45104K, capacity 46372K, committed 46464K, reserved 1089536K
  class space    used 5690K, capacity 6205K, committed 6272K, reserved 1048576K
}
Event: 10.799 GC heap before
{Heap before GC invocations=10 (full 0):
 garbage-first heap   total 260096K, used 183076K [0x0000000080000000, 0x0000000100000000)
  region size 1024K, 147 young (150528K), 19 survivors (19456K)
 Metaspace       used 53533K, capacity 55229K, committed 55424K, reserved 1097728K
  class space    used 6778K, capacity 7464K, committed 7552K, reserved 1048576K
}
Event: 10.808 GC heap after
{Heap after GC invocations=11 (full 0):
 garbage-first heap   total 260096K, used 56753K [0x0000000080000000, 0x0000000100000000)
  region size 1024K, 10 young (10240K), 10 survivors (10240K)
 Metaspace       used 53533K, capacity 55229K, committed 55424K, reserved 1097728K
  class space    used 6778K, capacity 7464K, committed 7552K, reserved 1048576K
}
Event: 12.111 GC heap before
{Heap before GC invocations=11 (full 0):
 garbage-first heap   total 260096K, used 186801K [0x0000000080000000, 0x0000000100000000)
  region size 1024K, 137 young (140288K), 10 survivors (10240K)
 Metaspace       used 64254K, capacity 66315K, committed 66560K, reserved 1107968K
  class space    used 8108K, capacity 8884K, committed 8960K, reserved 1048576K
}
Event: 12.118 GC heap after
{Heap after GC invocations=12 (full 0):
 garbage-first heap   total 260096K, used 68029K [0x0000000080000000, 0x0000000100000000)
  region size 1024K, 18 young (18432K), 18 survivors (18432K)
 Metaspace       used 64254K, capacity 66315K, committed 66560K, reserved 1107968K
  class space    used 8108K, capacity 8884K, committed 8960K, reserved 1048576K
}
Event: 13.894 GC heap before
{Heap before GC invocations=12 (full 0):
 garbage-first heap   total 260096K, used 190909K [0x0000000080000000, 0x0000000100000000)
  region size 1024K, 138 young (141312K), 18 survivors (18432K)
 Metaspace       used 64263K, capacity 66315K, committed 66560K, reserved 1107968K
  class space    used 8108K, capacity 8884K, committed 8960K, reserved 1048576K
}
Event: 13.902 GC heap after
{Heap after GC invocations=13 (full 0):
 garbage-first heap   total 260096K, used 75231K [0x0000000080000000, 0x0000000100000000)
  region size 1024K, 7 young (7168K), 7 survivors (7168K)
 Metaspace       used 64263K, capacity 66315K, committed 66560K, reserved 1107968K
  class space    used 8108K, capacity 8884K, committed 8960K, reserved 1048576K
}
Event: 15.200 GC heap before
{Heap before GC invocations=13 (full 0):
 garbage-first heap   total 260096K, used 197087K [0x0000000080000000, 0x0000000100000000)
  region size 1024K, 126 young (129024K), 7 survivors (7168K)
 Metaspace       used 64373K, capacity 66379K, committed 66560K, reserved 1107968K
  class space    used 8109K, capacity 8884K, committed 8960K, reserved 1048576K
}
Event: 15.211 GC heap after
{Heap after GC invocations=14 (full 0):
 garbage-first heap   total 260096K, used 96482K [0x0000000080000000, 0x0000000100000000)
  region size 1024K, 16 young (16384K), 16 survivors (16384K)
 Metaspace       used 64373K, capacity 66379K, committed 66560K, reserved 1107968K
  class space    used 8109K, capacity 8884K, committed 8960K, reserved 1048576K
}

