# JRE version: OpenJDK Runtime Environment (11.0.10) (build 11.0.10+0-b96-7249189)
# Java VM: OpenJDK 64-Bit Server VM (11.0.10+0-b96-7249189, mixed mode, tiered, compressed oops, g1 gc, windows-amd64)
Heap:
 garbage-first heap   total 260096K, used 190135K [0x0000000080000000, 0x0000000100000000)
  region size 1024K, 128 young (131072K), 7 survivors (7168K)
 Metaspace       used 64319K, capacity 66257K, committed 66560K, reserved 1107968K
  class space    used 8107K, capacity 8905K, committed 8960K, reserved 1048576K
GC Heap History (19 events):
Event: 0.510 GC heap before
{Heap before GC invocations=0 (full 0):
 garbage-first heap   total 260096K, used 29696K [0x0000000080000000, 0x0000000100000000)
  region size 1024K, 24 young (24576K), 0 survivors (0K)
 Metaspace       used 10116K, capacity 10284K, committed 10368K, reserved 1058816K
  class space    used 1049K, capacity 1092K, committed 1152K, reserved 1048576K
}
Event: 0.514 GC heap after
{Heap after GC invocations=1 (full 0):
 garbage-first heap   total 260096K, used 8813K [0x0000000080000000, 0x0000000100000000)
  region size 1024K, 3 young (3072K), 3 survivors (3072K)
 Metaspace       used 10116K, capacity 10284K, committed 10368K, reserved 1058816K
  class space    used 1049K, capacity 1092K, committed 1152K, reserved 1048576K
}
Event: 1.616 GC heap before
{Heap before GC invocations=1 (full 0):
 garbage-first heap   total 260096K, used 95853K [0x0000000080000000, 0x0000000100000000)
  region size 1024K, 90 young (92160K), 3 survivors (3072K)
 Metaspace       used 20605K, capacity 21085K, committed 21248K, reserved 1067008K
  class space    used 2522K, capacity 2703K, committed 2816K, reserved 1048576K
}
Event: 1.621 GC heap after
{Heap after GC invocations=2 (full 0):
 garbage-first heap   total 260096K, used 15922K [0x0000000080000000, 0x0000000100000000)
  region size 1024K, 10 young (10240K), 10 survivors (10240K)
 Metaspace       used 20605K, capacity 21085K, committed 21248K, reserved 1067008K
  class space    used 2522K, capacity 2703K, committed 2816K, reserved 1048576K
}
Event: 1.928 GC heap before
{Heap before GC invocations=3 (full 0):
 garbage-first heap   total 260096K, used 57906K [0x0000000080000000, 0x0000000100000000)
  region size 1024K, 51 young (52224K), 10 survivors (10240K)
 Metaspace       used 24956K, capacity 25540K, committed 25856K, reserved 1071104K
  class space    used 3252K, capacity 3469K, committed 3584K, reserved 1048576K
}
Event: 1.933 GC heap after
{Heap after GC invocations=4 (full 0):
 garbage-first heap   total 260096K, used 18143K [0x0000000080000000, 0x0000000100000000)
  region size 1024K, 3 young (3072K), 3 survivors (3072K)
 Metaspace       used 24956K, capacity 25540K, committed 25856K, reserved 1071104K
  class space    used 3252K, capacity 3469K, committed 3584K, reserved 1048576K
}
Event: 2.601 GC heap before
{Heap before GC invocations=4 (full 0):
 garbage-first heap   total 260096K, used 88799K [0x0000000080000000, 0x0000000100000000)
  region size 1024K, 71 young (72704K), 3 survivors (3072K)
 Metaspace       used 35094K, capacity 35798K, committed 35840K, reserved 1081344K
  class space    used 4556K, capacity 4844K, committed 4864K, reserved 1048576K
}
Event: 2.608 GC heap after
{Heap after GC invocations=5 (full 0):
 garbage-first heap   total 260096K, used 24049K [0x0000000080000000, 0x0000000100000000)
  region size 1024K, 6 young (6144K), 6 survivors (6144K)
 Metaspace       used 35094K, capacity 35798K, committed 35840K, reserved 1081344K
  class space    used 4556K, capacity 4844K, committed 4864K, reserved 1048576K
}
Event: 3.741 GC heap before
{Heap before GC invocations=6 (full 0):
 garbage-first heap   total 260096K, used 122353K [0x0000000080000000, 0x0000000100000000)
  region size 1024K, 102 young (104448K), 6 survivors (6144K)
 Metaspace       used 40217K, capacity 41142K, committed 41344K, reserved 1085440K
  class space    used 5090K, capacity 5456K, committed 5504K, reserved 1048576K
}
Event: 3.761 GC heap after
{Heap after GC invocations=7 (full 0):
 garbage-first heap   total 260096K, used 31209K [0x0000000080000000, 0x0000000100000000)
  region size 1024K, 13 young (13312K), 13 survivors (13312K)
 Metaspace       used 40217K, capacity 41142K, committed 41344K, reserved 1085440K
  class space    used 5090K, capacity 5456K, committed 5504K, reserved 1048576K
}
Event: 4.862 GC heap before
{Heap before GC invocations=8 (full 0):
 garbage-first heap   total 260096K, used 145897K [0x0000000080000000, 0x0000000100000000)
  region size 1024K, 125 young (128000K), 13 survivors (13312K)
 Metaspace       used 40759K, capacity 41684K, committed 41984K, reserved 1085440K
  class space    used 5156K, capacity 5553K, committed 5632K, reserved 1048576K
}
Event: 4.870 GC heap after
{Heap after GC invocations=9 (full 0):
 garbage-first heap   total 260096K, used 33202K [0x0000000080000000, 0x0000000100000000)
  region size 1024K, 10 young (10240K), 10 survivors (10240K)
 Metaspace       used 40759K, capacity 41684K, committed 41984K, reserved 1085440K
  class space    used 5156K, capacity 5553K, committed 5632K, reserved 1048576K
}
Event: 7.840 GC heap before
{Heap before GC invocations=9 (full 0):
 garbage-first heap   total 260096K, used 159154K [0x0000000080000000, 0x0000000100000000)
  region size 1024K, 133 young (136192K), 10 survivors (10240K)
 Metaspace       used 44594K, capacity 45753K, committed 45824K, reserved 1089536K
  class space    used 5606K, capacity 6102K, committed 6144K, reserved 1048576K
}
Event: 7.853 GC heap after
{Heap after GC invocations=10 (full 0):
 garbage-first heap   total 260096K, used 48578K [0x0000000080000000, 0x0000000100000000)
  region size 1024K, 17 young (17408K), 17 survivors (17408K)
 Metaspace       used 44594K, capacity 45753K, committed 45824K, reserved 1089536K
  class space    used 5606K, capacity 6102K, committed 6144K, reserved 1048576K
}
Event: 8.773 GC heap before
{Heap before GC invocations=10 (full 0):
 garbage-first heap   total 260096K, used 176578K [0x0000000080000000, 0x0000000100000000)
  region size 1024K, 140 young (143360K), 17 survivors (17408K)
 Metaspace       used 50442K, capacity 52093K, committed 52224K, reserved 1093632K
  class space    used 6401K, capacity 7080K, committed 7168K, reserved 1048576K
}
Event: 8.785 GC heap after
{Heap after GC invocations=11 (full 0):
 garbage-first heap   total 260096K, used 56700K [0x0000000080000000, 0x0000000100000000)
  region size 1024K, 11 young (11264K), 11 survivors (11264K)
 Metaspace       used 50442K, capacity 52093K, committed 52224K, reserved 1093632K
  class space    used 6401K, capacity 7080K, committed 7168K, reserved 1048576K
}
Event: 10.063 GC heap before
{Heap before GC invocations=11 (full 0):
 garbage-first heap   total 260096K, used 181628K [0x0000000080000000, 0x0000000100000000)
  region size 1024K, 133 young (136192K), 11 survivors (11264K)
 Metaspace       used 64078K, capacity 66059K, committed 66304K, reserved 1105920K
  class space    used 8072K, capacity 8839K, committed 8960K, reserved 1048576K
}
Event: 10.073 GC heap after
{Heap after GC invocations=12 (full 0):
 garbage-first heap   total 260096K, used 66231K [0x0000000080000000, 0x0000000100000000)
  region size 1024K, 10 young (10240K), 10 survivors (10240K)
 Metaspace       used 64078K, capacity 66059K, committed 66304K, reserved 1105920K
  class space    used 8072K, capacity 8839K, committed 8960K, reserved 1048576K
}
Event: 11.439 GC heap before
{Heap before GC invocations=12 (full 0):
 garbage-first heap   total 260096K, used 190135K [0x0000000080000000, 0x0000000100000000)
  region size 1024K, 131 young (134144K), 10 survivors (10240K)
 Metaspace       used 64319K, capacity 66257K, committed 66560K, reserved 1107968K
  class space    used 8107K, capacity 8905K, committed 8960K, reserved 1048576K
}

