# JRE version: OpenJDK Runtime Environment (11.0.10) (build 11.0.10+0-b96-7249189)
# Java VM: OpenJDK 64-Bit Server VM (11.0.10+0-b96-7249189, mixed mode, tiered, compressed oops, g1 gc, windows-amd64)
Heap:
 garbage-first heap   total 260096K, used 221840K [0x0000000080000000, 0x0000000100000000)
  region size 1024K, 5 young (5120K), 1 survivors (1024K)
 Metaspace       used 92369K, capacity 99434K, committed 99584K, reserved 1134592K
  class space    used 12117K, capacity 14832K, committed 14848K, reserved 1048576K
GC Heap History (20 events):
Event: 341.511 GC heap before
{Heap before GC invocations=56 (full 0):
 garbage-first heap   total 260096K, used 227730K [0x0000000080000000, 0x0000000100000000)
  region size 1024K, 18 young (18432K), 2 survivors (2048K)
 Metaspace       used 91339K, capacity 98397K, committed 98432K, reserved 1132544K
  class space    used 11987K, capacity 14699K, committed 14720K, reserved 1048576K
}
Event: 341.514 GC heap after
{Heap after GC invocations=57 (full 0):
 garbage-first heap   total 260096K, used 212930K [0x0000000080000000, 0x0000000100000000)
  region size 1024K, 3 young (3072K), 3 survivors (3072K)
 Metaspace       used 91339K, capacity 98397K, committed 98432K, reserved 1132544K
  class space    used 11987K, capacity 14699K, committed 14720K, reserved 1048576K
}
Event: 355.080 GC heap before
{Heap before GC invocations=58 (full 0):
 garbage-first heap   total 260096K, used 227266K [0x0000000080000000, 0x0000000100000000)
  region size 1024K, 17 young (17408K), 3 survivors (3072K)
 Metaspace       used 91346K, capacity 98397K, committed 98432K, reserved 1132544K
  class space    used 11987K, capacity 14699K, committed 14720K, reserved 1048576K
}
Event: 355.084 GC heap after
{Heap after GC invocations=59 (full 0):
 garbage-first heap   total 260096K, used 214011K [0x0000000080000000, 0x0000000100000000)
  region size 1024K, 3 young (3072K), 3 survivors (3072K)
 Metaspace       used 91346K, capacity 98397K, committed 98432K, reserved 1132544K
  class space    used 11987K, capacity 14699K, committed 14720K, reserved 1048576K
}
Event: 359.264 GC heap before
{Heap before GC invocations=59 (full 0):
 garbage-first heap   total 260096K, used 223227K [0x0000000080000000, 0x0000000100000000)
  region size 1024K, 12 young (12288K), 3 survivors (3072K)
 Metaspace       used 91346K, capacity 98397K, committed 98432K, reserved 1132544K
  class space    used 11987K, capacity 14699K, committed 14720K, reserved 1048576K
}
Event: 359.270 GC heap after
{Heap after GC invocations=60 (full 0):
 garbage-first heap   total 260096K, used 212805K [0x0000000080000000, 0x0000000100000000)
  region size 1024K, 2 young (2048K), 2 survivors (2048K)
 Metaspace       used 91346K, capacity 98397K, committed 98432K, reserved 1132544K
  class space    used 11987K, capacity 14699K, committed 14720K, reserved 1048576K
}
Event: 371.083 GC heap before
{Heap before GC invocations=60 (full 0):
 garbage-first heap   total 260096K, used 228165K [0x0000000080000000, 0x0000000100000000)
  region size 1024K, 17 young (17408K), 2 survivors (2048K)
 Metaspace       used 91346K, capacity 98397K, committed 98432K, reserved 1132544K
  class space    used 11987K, capacity 14699K, committed 14720K, reserved 1048576K
}
Event: 371.087 GC heap after
{Heap after GC invocations=61 (full 0):
 garbage-first heap   total 260096K, used 214604K [0x0000000080000000, 0x0000000100000000)
  region size 1024K, 3 young (3072K), 3 survivors (3072K)
 Metaspace       used 91346K, capacity 98397K, committed 98432K, reserved 1132544K
  class space    used 11987K, capacity 14699K, committed 14720K, reserved 1048576K
}
Event: 385.920 GC heap before
{Heap before GC invocations=62 (full 0):
 garbage-first heap   total 260096K, used 227916K [0x0000000080000000, 0x0000000100000000)
  region size 1024K, 16 young (16384K), 3 survivors (3072K)
 Metaspace       used 91347K, capacity 98397K, committed 98432K, reserved 1132544K
  class space    used 11987K, capacity 14699K, committed 14720K, reserved 1048576K
}
Event: 385.924 GC heap after
{Heap after GC invocations=63 (full 0):
 garbage-first heap   total 260096K, used 215362K [0x0000000080000000, 0x0000000100000000)
  region size 1024K, 2 young (2048K), 2 survivors (2048K)
 Metaspace       used 91347K, capacity 98397K, committed 98432K, reserved 1132544K
  class space    used 11987K, capacity 14699K, committed 14720K, reserved 1048576K
}
Event: 391.999 GC heap before
{Heap before GC invocations=63 (full 0):
 garbage-first heap   total 260096K, used 224578K [0x0000000080000000, 0x0000000100000000)
  region size 1024K, 12 young (12288K), 2 survivors (2048K)
 Metaspace       used 91347K, capacity 98397K, committed 98432K, reserved 1132544K
  class space    used 11987K, capacity 14699K, committed 14720K, reserved 1048576K
}
Event: 392.005 GC heap after
{Heap after GC invocations=64 (full 0):
 garbage-first heap   total 260096K, used 215021K [0x0000000080000000, 0x0000000100000000)
  region size 1024K, 2 young (2048K), 2 survivors (2048K)
 Metaspace       used 91347K, capacity 98397K, committed 98432K, reserved 1132544K
  class space    used 11987K, capacity 14699K, committed 14720K, reserved 1048576K
}
Event: 404.540 GC heap before
{Heap before GC invocations=64 (full 0):
 garbage-first heap   total 260096K, used 227309K [0x0000000080000000, 0x0000000100000000)
  region size 1024K, 14 young (14336K), 2 survivors (2048K)
 Metaspace       used 91347K, capacity 98397K, committed 98432K, reserved 1132544K
  class space    used 11987K, capacity 14699K, committed 14720K, reserved 1048576K
}
Event: 404.544 GC heap after
{Heap after GC invocations=65 (full 0):
 garbage-first heap   total 260096K, used 216140K [0x0000000080000000, 0x0000000100000000)
  region size 1024K, 2 young (2048K), 2 survivors (2048K)
 Metaspace       used 91347K, capacity 98397K, committed 98432K, reserved 1132544K
  class space    used 11987K, capacity 14699K, committed 14720K, reserved 1048576K
}
Event: 409.471 GC heap before
{Heap before GC invocations=66 (full 0):
 garbage-first heap   total 260096K, used 227404K [0x0000000080000000, 0x0000000100000000)
  region size 1024K, 13 young (13312K), 2 survivors (2048K)
 Metaspace       used 91571K, capacity 98651K, committed 98816K, reserved 1132544K
  class space    used 12026K, capacity 14740K, committed 14848K, reserved 1048576K
}
Event: 409.476 GC heap after
{Heap after GC invocations=67 (full 0):
 garbage-first heap   total 260096K, used 219511K [0x0000000080000000, 0x0000000100000000)
  region size 1024K, 2 young (2048K), 2 survivors (2048K)
 Metaspace       used 91571K, capacity 98651K, committed 98816K, reserved 1132544K
  class space    used 12026K, capacity 14740K, committed 14848K, reserved 1048576K
}
Event: 409.857 GC heap before
{Heap before GC invocations=67 (full 0):
 garbage-first heap   total 260096K, used 249207K [0x0000000080000000, 0x0000000100000000)
  region size 1024K, 12 young (12288K), 2 survivors (2048K)
 Metaspace       used 91942K, capacity 98901K, committed 99072K, reserved 1134592K
  class space    used 12072K, capacity 14753K, committed 14848K, reserved 1048576K
}
Event: 409.863 GC heap after
{Heap after GC invocations=68 (full 0):
 garbage-first heap   total 260096K, used 218517K [0x0000000080000000, 0x0000000100000000)
  region size 1024K, 1 young (1024K), 1 survivors (1024K)
 Metaspace       used 91942K, capacity 98901K, committed 99072K, reserved 1134592K
  class space    used 12072K, capacity 14753K, committed 14848K, reserved 1048576K
}
Event: 410.164 GC heap before
{Heap before GC invocations=68 (full 0):
 garbage-first heap   total 260096K, used 228757K [0x0000000080000000, 0x0000000100000000)
  region size 1024K, 12 young (12288K), 1 survivors (1024K)
 Metaspace       used 92321K, capacity 99303K, committed 99328K, reserved 1134592K
  class space    used 12117K, capacity 14832K, committed 14848K, reserved 1048576K
}
Event: 410.167 GC heap after
{Heap after GC invocations=69 (full 0):
 garbage-first heap   total 260096K, used 218768K [0x0000000080000000, 0x0000000100000000)
  region size 1024K, 1 young (1024K), 1 survivors (1024K)
 Metaspace       used 92321K, capacity 99303K, committed 99328K, reserved 1134592K
  class space    used 12117K, capacity 14832K, committed 14848K, reserved 1048576K
}

