# JRE version: OpenJDK Runtime Environment (11.0.10) (build 11.0.10+0-b96-7249189)
# Java VM: OpenJDK 64-Bit Server VM (11.0.10+0-b96-7249189, mixed mode, tiered, compressed oops, g1 gc, windows-amd64)
Heap:
 garbage-first heap   total 260096K, used 71186K [0x0000000702600000, 0x0000000800000000)
  region size 1024K, 52 young (53248K), 2 survivors (2048K)
 Metaspace       used 43842K, capacity 44306K, committed 44592K, reserved 1089536K
  class space    used 5257K, capacity 5442K, committed 5504K, reserved 1048576K
GC Heap History (10 events):
Event: 0.413 GC heap before
{Heap before GC invocations=0 (full 0):
 garbage-first heap   total 260096K, used 26624K [0x0000000702600000, 0x0000000800000000)
  region size 1024K, 24 young (24576K), 0 survivors (0K)
 Metaspace       used 12507K, capacity 12624K, committed 12800K, reserved 1060864K
  class space    used 1208K, capacity 1249K, committed 1280K, reserved 1048576K
}
Event: 0.415 GC heap after
{Heap after GC invocations=1 (full 0):
 garbage-first heap   total 260096K, used 6114K [0x0000000702600000, 0x0000000800000000)
  region size 1024K, 3 young (3072K), 3 survivors (3072K)
 Metaspace       used 12507K, capacity 12624K, committed 12800K, reserved 1060864K
  class space    used 1208K, capacity 1249K, committed 1280K, reserved 1048576K
}
Event: 0.795 GC heap before
{Heap before GC invocations=1 (full 0):
 garbage-first heap   total 260096K, used 37858K [0x0000000702600000, 0x0000000800000000)
  region size 1024K, 35 young (35840K), 3 survivors (3072K)
 Metaspace       used 20964K, capacity 21136K, committed 21296K, reserved 1069056K
  class space    used 2253K, capacity 2344K, committed 2432K, reserved 1048576K
}
Event: 0.802 GC heap after
{Heap after GC invocations=2 (full 0):
 garbage-first heap   total 260096K, used 9286K [0x0000000702600000, 0x0000000800000000)
  region size 1024K, 7 young (7168K), 7 survivors (7168K)
 Metaspace       used 20964K, capacity 21136K, committed 21296K, reserved 1069056K
  class space    used 2253K, capacity 2344K, committed 2432K, reserved 1048576K
}
Event: 1.304 GC heap before
{Heap before GC invocations=3 (full 0):
 garbage-first heap   total 260096K, used 63558K [0x0000000702600000, 0x0000000800000000)
  region size 1024K, 54 young (55296K), 7 survivors (7168K)
 Metaspace       used 30094K, capacity 30458K, committed 30640K, reserved 1077248K
  class space    used 3422K, capacity 3550K, committed 3584K, reserved 1048576K
}
Event: 1.312 GC heap after
{Heap after GC invocations=4 (full 0):
 garbage-first heap   total 260096K, used 17612K [0x0000000702600000, 0x0000000800000000)
  region size 1024K, 7 young (7168K), 7 survivors (7168K)
 Metaspace       used 30094K, capacity 30458K, committed 30640K, reserved 1077248K
  class space    used 3422K, capacity 3550K, committed 3584K, reserved 1048576K
}
Event: 1.554 GC heap before
{Heap before GC invocations=4 (full 0):
 garbage-first heap   total 260096K, used 42188K [0x0000000702600000, 0x0000000800000000)
  region size 1024K, 32 young (32768K), 7 survivors (7168K)
 Metaspace       used 35442K, capacity 35725K, committed 35888K, reserved 1081344K
  class space    used 4271K, capacity 4387K, committed 4480K, reserved 1048576K
}
Event: 1.559 GC heap after
{Heap after GC invocations=5 (full 0):
 garbage-first heap   total 260096K, used 19866K [0x0000000702600000, 0x0000000800000000)
  region size 1024K, 10 young (10240K), 10 survivors (10240K)
 Metaspace       used 35442K, capacity 35725K, committed 35888K, reserved 1081344K
  class space    used 4271K, capacity 4387K, committed 4480K, reserved 1048576K
}
Event: 1.600 GC heap before
{Heap before GC invocations=6 (full 0):
 garbage-first heap   total 260096K, used 21914K [0x0000000702600000, 0x0000000800000000)
  region size 1024K, 12 young (12288K), 10 survivors (10240K)
 Metaspace       used 36142K, capacity 36499K, committed 36784K, reserved 1081344K
  class space    used 4435K, capacity 4581K, committed 4608K, reserved 1048576K
}
Event: 1.605 GC heap after
{Heap after GC invocations=7 (full 0):
 garbage-first heap   total 260096K, used 21010K [0x0000000702600000, 0x0000000800000000)
  region size 1024K, 2 young (2048K), 2 survivors (2048K)
 Metaspace       used 36142K, capacity 36499K, committed 36784K, reserved 1081344K
  class space    used 4435K, capacity 4581K, committed 4608K, reserved 1048576K
}

