# JRE version: OpenJDK Runtime Environment (11.0.10) (build 11.0.10+0-b96-7249189)
# Java VM: OpenJDK 64-Bit Server VM (11.0.10+0-b96-7249189, mixed mode, tiered, compressed oops, g1 gc, windows-amd64)
Heap:
 garbage-first heap   total 574464K, used 517087K [0x0000000080000000, 0x0000000100000000)
  region size 1024K, 28 young (28672K), 3 survivors (3072K)
 Metaspace       used 149382K, capacity 158966K, committed 159096K, reserved 1185792K
  class space    used 18584K, capacity 22217K, committed 22220K, reserved 1048576K
GC Heap History (20 events):
Event: 1257.168 GC heap after
{Heap after GC invocations=124 (full 0):
 garbage-first heap   total 574464K, used 438272K [0x0000000080000000, 0x0000000100000000)
  region size 1024K, 10 young (10240K), 10 survivors (10240K)
 Metaspace       used 149064K, capacity 158740K, committed 158840K, reserved 1185792K
  class space    used 18582K, capacity 22213K, committed 22220K, reserved 1048576K
}
Event: 1257.381 GC heap before
{Heap before GC invocations=124 (full 0):
 garbage-first heap   total 574464K, used 489472K [0x0000000080000000, 0x0000000100000000)
  region size 1024K, 60 young (61440K), 10 survivors (10240K)
 Metaspace       used 149182K, capacity 158817K, committed 158840K, reserved 1185792K
  class space    used 18583K, capacity 22215K, committed 22220K, reserved 1048576K
}
Event: 1257.401 GC heap after
{Heap after GC invocations=125 (full 0):
 garbage-first heap   total 574464K, used 455317K [0x0000000080000000, 0x0000000100000000)
  region size 1024K, 8 young (8192K), 8 survivors (8192K)
 Metaspace       used 149182K, capacity 158817K, committed 158840K, reserved 1185792K
  class space    used 18583K, capacity 22215K, committed 22220K, reserved 1048576K
}
Event: 1257.522 GC heap before
{Heap before GC invocations=125 (full 0):
 garbage-first heap   total 574464K, used 492181K [0x0000000080000000, 0x0000000100000000)
  region size 1024K, 44 young (45056K), 8 survivors (8192K)
 Metaspace       used 149238K, capacity 158825K, committed 158840K, reserved 1185792K
  class space    used 18583K, capacity 22216K, committed 22220K, reserved 1048576K
}
Event: 1257.536 GC heap after
{Heap after GC invocations=126 (full 0):
 garbage-first heap   total 574464K, used 468657K [0x0000000080000000, 0x0000000100000000)
  region size 1024K, 6 young (6144K), 6 survivors (6144K)
 Metaspace       used 149238K, capacity 158825K, committed 158840K, reserved 1185792K
  class space    used 18583K, capacity 22216K, committed 22220K, reserved 1048576K
}
Event: 1257.619 GC heap before
{Heap before GC invocations=126 (full 0):
 garbage-first heap   total 574464K, used 496305K [0x0000000080000000, 0x0000000100000000)
  region size 1024K, 33 young (33792K), 6 survivors (6144K)
 Metaspace       used 149256K, capacity 158825K, committed 158840K, reserved 1185792K
  class space    used 18583K, capacity 22216K, committed 22220K, reserved 1048576K
}
Event: 1257.629 GC heap after
{Heap after GC invocations=127 (full 0):
 garbage-first heap   total 574464K, used 474694K [0x0000000080000000, 0x0000000100000000)
  region size 1024K, 5 young (5120K), 5 survivors (5120K)
 Metaspace       used 149256K, capacity 158825K, committed 158840K, reserved 1185792K
  class space    used 18583K, capacity 22216K, committed 22220K, reserved 1048576K
}
Event: 1258.114 GC heap before
{Heap before GC invocations=127 (full 0):
 garbage-first heap   total 574464K, used 498246K [0x0000000080000000, 0x0000000100000000)
  region size 1024K, 29 young (29696K), 5 survivors (5120K)
 Metaspace       used 149320K, capacity 158959K, committed 159096K, reserved 1185792K
  class space    used 18583K, capacity 22216K, committed 22220K, reserved 1048576K
}
Event: 1258.120 GC heap after
{Heap after GC invocations=128 (full 0):
 garbage-first heap   total 574464K, used 477789K [0x0000000080000000, 0x0000000100000000)
  region size 1024K, 3 young (3072K), 3 survivors (3072K)
 Metaspace       used 149320K, capacity 158959K, committed 159096K, reserved 1185792K
  class space    used 18583K, capacity 22216K, committed 22220K, reserved 1048576K
}
Event: 1258.178 GC heap before
{Heap before GC invocations=128 (full 0):
 garbage-first heap   total 574464K, used 502365K [0x0000000080000000, 0x0000000100000000)
  region size 1024K, 28 young (28672K), 3 survivors (3072K)
 Metaspace       used 149320K, capacity 158959K, committed 159096K, reserved 1185792K
  class space    used 18583K, capacity 22216K, committed 22220K, reserved 1048576K
}
Event: 1258.182 GC heap after
{Heap after GC invocations=129 (full 0):
 garbage-first heap   total 574464K, used 478706K [0x0000000080000000, 0x0000000100000000)
  region size 1024K, 1 young (1024K), 1 survivors (1024K)
 Metaspace       used 149320K, capacity 158959K, committed 159096K, reserved 1185792K
  class space    used 18583K, capacity 22216K, committed 22220K, reserved 1048576K
}
Event: 1258.411 GC heap before
{Heap before GC invocations=129 (full 0):
 garbage-first heap   total 574464K, used 505330K [0x0000000080000000, 0x0000000100000000)
  region size 1024K, 28 young (28672K), 1 survivors (1024K)
 Metaspace       used 149320K, capacity 158959K, committed 159096K, reserved 1185792K
  class space    used 18583K, capacity 22216K, committed 22220K, reserved 1048576K
}
Event: 1258.417 GC heap after
{Heap after GC invocations=130 (full 0):
 garbage-first heap   total 574464K, used 482366K [0x0000000080000000, 0x0000000100000000)
  region size 1024K, 4 young (4096K), 4 survivors (4096K)
 Metaspace       used 149320K, capacity 158959K, committed 159096K, reserved 1185792K
  class space    used 18583K, capacity 22216K, committed 22220K, reserved 1048576K
}
Event: 1258.554 GC heap before
{Heap before GC invocations=130 (full 0):
 garbage-first heap   total 574464K, used 505918K [0x0000000080000000, 0x0000000100000000)
  region size 1024K, 28 young (28672K), 4 survivors (4096K)
 Metaspace       used 149320K, capacity 158959K, committed 159096K, reserved 1185792K
  class space    used 18583K, capacity 22216K, committed 22220K, reserved 1048576K
}
Event: 1258.560 GC heap after
{Heap after GC invocations=131 (full 0):
 garbage-first heap   total 574464K, used 486674K [0x0000000080000000, 0x0000000100000000)
  region size 1024K, 4 young (4096K), 4 survivors (4096K)
 Metaspace       used 149320K, capacity 158959K, committed 159096K, reserved 1185792K
  class space    used 18583K, capacity 22216K, committed 22220K, reserved 1048576K
}
Event: 1258.651 GC heap before
{Heap before GC invocations=131 (full 0):
 garbage-first heap   total 574464K, used 511250K [0x0000000080000000, 0x0000000100000000)
  region size 1024K, 28 young (28672K), 4 survivors (4096K)
 Metaspace       used 149320K, capacity 158959K, committed 159096K, reserved 1185792K
  class space    used 18583K, capacity 22216K, committed 22220K, reserved 1048576K
}
Event: 1258.657 GC heap after
{Heap after GC invocations=132 (full 0):
 garbage-first heap   total 574464K, used 489126K [0x0000000080000000, 0x0000000100000000)
  region size 1024K, 4 young (4096K), 4 survivors (4096K)
 Metaspace       used 149320K, capacity 158959K, committed 159096K, reserved 1185792K
  class space    used 18583K, capacity 22216K, committed 22220K, reserved 1048576K
}
Event: 1258.788 GC heap before
{Heap before GC invocations=132 (full 0):
 garbage-first heap   total 574464K, used 513702K [0x0000000080000000, 0x0000000100000000)
  region size 1024K, 28 young (28672K), 4 survivors (4096K)
 Metaspace       used 149320K, capacity 158959K, committed 159096K, reserved 1185792K
  class space    used 18583K, capacity 22216K, committed 22220K, reserved 1048576K
}
Event: 1258.792 GC heap after
{Heap after GC invocations=133 (full 0):
 garbage-first heap   total 574464K, used 491487K [0x0000000080000000, 0x0000000100000000)
  region size 1024K, 3 young (3072K), 3 survivors (3072K)
 Metaspace       used 149320K, capacity 158959K, committed 159096K, reserved 1185792K
  class space    used 18583K, capacity 22216K, committed 22220K, reserved 1048576K
}
Event: 1407.880 GC heap before
{Heap before GC invocations=133 (full 0):
 garbage-first heap   total 574464K, used 517087K [0x0000000080000000, 0x0000000100000000)
  region size 1024K, 28 young (28672K), 3 survivors (3072K)
 Metaspace       used 149382K, capacity 158966K, committed 159096K, reserved 1185792K
  class space    used 18584K, capacity 22217K, committed 22220K, reserved 1048576K
}

