# JRE version: OpenJDK Runtime Environment (11.0.10) (build 11.0.10+0-b96-7249189)
# Java VM: OpenJDK 64-Bit Server VM (11.0.10+0-b96-7249189, mixed mode, tiered, compressed oops, g1 gc, windows-amd64)
Heap:
 garbage-first heap   total 260096K, used 190274K [0x0000000080000000, 0x0000000100000000)
  region size 1024K, 159 young (162816K), 19 survivors (19456K)
 Metaspace       used 63749K, capacity 65666K, committed 65920K, reserved 1105920K
  class space    used 8017K, capacity 8775K, committed 8832K, reserved 1048576K
GC Heap History (15 events):
Event: 0.588 GC heap before
{Heap before GC invocations=0 (full 0):
 garbage-first heap   total 260096K, used 29696K [0x0000000080000000, 0x0000000100000000)
  region size 1024K, 24 young (24576K), 0 survivors (0K)
 Metaspace       used 10323K, capacity 10561K, committed 10752K, reserved 1058816K
  class space    used 1085K, capacity 1163K, committed 1280K, reserved 1048576K
}
Event: 0.594 GC heap after
{Heap after GC invocations=1 (full 0):
 garbage-first heap   total 260096K, used 8522K [0x0000000080000000, 0x0000000100000000)
  region size 1024K, 3 young (3072K), 3 survivors (3072K)
 Metaspace       used 10323K, capacity 10561K, committed 10752K, reserved 1058816K
  class space    used 1085K, capacity 1163K, committed 1280K, reserved 1048576K
}
Event: 1.919 GC heap before
{Heap before GC invocations=1 (full 0):
 garbage-first heap   total 260096K, used 94538K [0x0000000080000000, 0x0000000100000000)
  region size 1024K, 88 young (90112K), 3 survivors (3072K)
 Metaspace       used 20581K, capacity 21085K, committed 21248K, reserved 1067008K
  class space    used 2524K, capacity 2703K, committed 2816K, reserved 1048576K
}
Event: 1.927 GC heap after
{Heap after GC invocations=2 (full 0):
 garbage-first heap   total 260096K, used 15819K [0x0000000080000000, 0x0000000100000000)
  region size 1024K, 11 young (11264K), 11 survivors (11264K)
 Metaspace       used 20581K, capacity 21085K, committed 21248K, reserved 1067008K
  class space    used 2524K, capacity 2703K, committed 2816K, reserved 1048576K
}
Event: 2.090 GC heap before
{Heap before GC invocations=3 (full 0):
 garbage-first heap   total 260096K, used 37323K [0x0000000080000000, 0x0000000100000000)
  region size 1024K, 32 young (32768K), 11 survivors (11264K)
 Metaspace       used 22772K, capacity 23265K, committed 23424K, reserved 1069056K
  class space    used 2882K, capacity 3091K, committed 3200K, reserved 1048576K
}
Event: 2.097 GC heap after
{Heap after GC invocations=4 (full 0):
 garbage-first heap   total 260096K, used 17455K [0x0000000080000000, 0x0000000100000000)
  region size 1024K, 2 young (2048K), 2 survivors (2048K)
 Metaspace       used 22772K, capacity 23265K, committed 23424K, reserved 1069056K
  class space    used 2882K, capacity 3091K, committed 3200K, reserved 1048576K
}
Event: 3.082 GC heap before
{Heap before GC invocations=4 (full 0):
 garbage-first heap   total 260096K, used 109615K [0x0000000080000000, 0x0000000100000000)
  region size 1024K, 91 young (93184K), 2 survivors (2048K)
 Metaspace       used 35135K, capacity 35798K, committed 35840K, reserved 1081344K
  class space    used 4553K, capacity 4844K, committed 4864K, reserved 1048576K
}
Event: 3.089 GC heap after
{Heap after GC invocations=5 (full 0):
 garbage-first heap   total 260096K, used 24246K [0x0000000080000000, 0x0000000100000000)
  region size 1024K, 6 young (6144K), 6 survivors (6144K)
 Metaspace       used 35135K, capacity 35798K, committed 35840K, reserved 1081344K
  class space    used 4553K, capacity 4844K, committed 4864K, reserved 1048576K
}
Event: 5.576 GC heap before
{Heap before GC invocations=6 (full 0):
 garbage-first heap   total 260096K, used 172726K [0x0000000080000000, 0x0000000100000000)
  region size 1024K, 152 young (155648K), 6 survivors (6144K)
 Metaspace       used 40185K, capacity 41085K, committed 41344K, reserved 1085440K
  class space    used 5092K, capacity 5457K, committed 5504K, reserved 1048576K
}
Event: 5.590 GC heap after
{Heap after GC invocations=7 (full 0):
 garbage-first heap   total 260096K, used 29471K [0x0000000080000000, 0x0000000100000000)
  region size 1024K, 13 young (13312K), 13 survivors (13312K)
 Metaspace       used 40185K, capacity 41085K, committed 41344K, reserved 1085440K
  class space    used 5092K, capacity 5457K, committed 5504K, reserved 1048576K
}
Event: 7.573 GC heap before
{Heap before GC invocations=8 (full 0):
 garbage-first heap   total 260096K, used 171807K [0x0000000080000000, 0x0000000100000000)
  region size 1024K, 152 young (155648K), 13 survivors (13312K)
 Metaspace       used 41046K, capacity 42057K, committed 42240K, reserved 1085440K
  class space    used 5170K, capacity 5584K, committed 5632K, reserved 1048576K
}
Event: 7.591 GC heap after
{Heap after GC invocations=9 (full 0):
 garbage-first heap   total 260096K, used 45461K [0x0000000080000000, 0x0000000100000000)
  region size 1024K, 19 young (19456K), 19 survivors (19456K)
 Metaspace       used 41046K, capacity 42057K, committed 42240K, reserved 1085440K
  class space    used 5170K, capacity 5584K, committed 5632K, reserved 1048576K
}
Event: 11.866 GC heap before
{Heap before GC invocations=9 (full 0):
 garbage-first heap   total 260096K, used 182677K [0x0000000080000000, 0x0000000100000000)
  region size 1024K, 152 young (155648K), 19 survivors (19456K)
 Metaspace       used 48938K, capacity 50400K, committed 50688K, reserved 1093632K
  class space    used 6218K, capacity 6826K, committed 6912K, reserved 1048576K
}
Event: 11.878 GC heap after
{Heap after GC invocations=10 (full 0):
 garbage-first heap   total 260096K, used 42818K [0x0000000080000000, 0x0000000100000000)
  region size 1024K, 10 young (10240K), 10 survivors (10240K)
 Metaspace       used 48938K, capacity 50400K, committed 50688K, reserved 1093632K
  class space    used 6218K, capacity 6826K, committed 6912K, reserved 1048576K
}
Event: 13.632 GC heap before
{Heap before GC invocations=10 (full 0):
 garbage-first heap   total 260096K, used 189250K [0x0000000080000000, 0x0000000100000000)
  region size 1024K, 150 young (153600K), 10 survivors (10240K)
 Metaspace       used 63749K, capacity 65666K, committed 65920K, reserved 1105920K
  class space    used 8017K, capacity 8775K, committed 8832K, reserved 1048576K
}

