# JRE version: OpenJDK Runtime Environment (11.0.10) (build 11.0.10+0-b96-7249189)
# Java VM: OpenJDK 64-Bit Server VM (11.0.10+0-b96-7249189, mixed mode, tiered, compressed oops, g1 gc, windows-amd64)
Heap:
 garbage-first heap   total 260096K, used 87653K [0x0000000080000000, 0x0000000100000000)
  region size 1024K, 48 young (49152K), 10 survivors (10240K)
 Metaspace       used 57434K, capacity 59157K, committed 59264K, reserved 1099776K
  class space    used 7245K, capacity 8005K, committed 8064K, reserved 1048576K
GC Heap History (18 events):
Event: 0.512 GC heap before
{Heap before GC invocations=0 (full 0):
 garbage-first heap   total 260096K, used 29696K [0x0000000080000000, 0x0000000100000000)
  region size 1024K, 24 young (24576K), 0 survivors (0K)
 Metaspace       used 10331K, capacity 10561K, committed 10752K, reserved 1058816K
  class space    used 1087K, capacity 1163K, committed 1280K, reserved 1048576K
}
Event: 0.516 GC heap after
{Heap after GC invocations=1 (full 0):
 garbage-first heap   total 260096K, used 8421K [0x0000000080000000, 0x0000000100000000)
  region size 1024K, 3 young (3072K), 3 survivors (3072K)
 Metaspace       used 10331K, capacity 10561K, committed 10752K, reserved 1058816K
  class space    used 1087K, capacity 1163K, committed 1280K, reserved 1048576K
}
Event: 1.851 GC heap before
{Heap before GC invocations=1 (full 0):
 garbage-first heap   total 260096K, used 93413K [0x0000000080000000, 0x0000000100000000)
  region size 1024K, 88 young (90112K), 3 survivors (3072K)
 Metaspace       used 20589K, capacity 21085K, committed 21248K, reserved 1067008K
  class space    used 2523K, capacity 2703K, committed 2816K, reserved 1048576K
}
Event: 1.858 GC heap after
{Heap after GC invocations=2 (full 0):
 garbage-first heap   total 260096K, used 15920K [0x0000000080000000, 0x0000000100000000)
  region size 1024K, 11 young (11264K), 11 survivors (11264K)
 Metaspace       used 20589K, capacity 21085K, committed 21248K, reserved 1067008K
  class space    used 2523K, capacity 2703K, committed 2816K, reserved 1048576K
}
Event: 1.929 GC heap before
{Heap before GC invocations=3 (full 0):
 garbage-first heap   total 260096K, used 29232K [0x0000000080000000, 0x0000000100000000)
  region size 1024K, 24 young (24576K), 11 survivors (11264K)
 Metaspace       used 21456K, capacity 21937K, committed 22144K, reserved 1069056K
  class space    used 2703K, capacity 2903K, committed 2944K, reserved 1048576K
}
Event: 1.932 GC heap after
{Heap after GC invocations=4 (full 0):
 garbage-first heap   total 260096K, used 16986K [0x0000000080000000, 0x0000000100000000)
  region size 1024K, 1 young (1024K), 1 survivors (1024K)
 Metaspace       used 21456K, capacity 21937K, committed 22144K, reserved 1069056K
  class space    used 2703K, capacity 2903K, committed 2944K, reserved 1048576K
}
Event: 2.769 GC heap before
{Heap before GC invocations=4 (full 0):
 garbage-first heap   total 260096K, used 113242K [0x0000000080000000, 0x0000000100000000)
  region size 1024K, 96 young (98304K), 1 survivors (1024K)
 Metaspace       used 34979K, capacity 35734K, committed 35840K, reserved 1081344K
  class space    used 4553K, capacity 4844K, committed 4864K, reserved 1048576K
}
Event: 2.773 GC heap after
{Heap after GC invocations=5 (full 0):
 garbage-first heap   total 260096K, used 22066K [0x0000000080000000, 0x0000000100000000)
  region size 1024K, 6 young (6144K), 6 survivors (6144K)
 Metaspace       used 34979K, capacity 35734K, committed 35840K, reserved 1081344K
  class space    used 4553K, capacity 4844K, committed 4864K, reserved 1048576K
}
Event: 2.778 GC heap before
{Heap before GC invocations=5 (full 0):
 garbage-first heap   total 260096K, used 25138K [0x0000000080000000, 0x0000000100000000)
  region size 1024K, 8 young (8192K), 6 survivors (6144K)
 Metaspace       used 35087K, capacity 35798K, committed 35840K, reserved 1081344K
  class space    used 4553K, capacity 4844K, committed 4864K, reserved 1048576K
}
Event: 2.784 GC heap after
{Heap after GC invocations=6 (full 0):
 garbage-first heap   total 260096K, used 24506K [0x0000000080000000, 0x0000000100000000)
  region size 1024K, 7 young (7168K), 7 survivors (7168K)
 Metaspace       used 35087K, capacity 35798K, committed 35840K, reserved 1081344K
  class space    used 4553K, capacity 4844K, committed 4864K, reserved 1048576K
}
Event: 4.374 GC heap before
{Heap before GC invocations=7 (full 0):
 garbage-first heap   total 260096K, used 129978K [0x0000000080000000, 0x0000000100000000)
  region size 1024K, 110 young (112640K), 7 survivors (7168K)
 Metaspace       used 40187K, capacity 41085K, committed 41344K, reserved 1085440K
  class space    used 5091K, capacity 5457K, committed 5504K, reserved 1048576K
}
Event: 4.387 GC heap after
{Heap after GC invocations=8 (full 0):
 garbage-first heap   total 260096K, used 31692K [0x0000000080000000, 0x0000000100000000)
  region size 1024K, 14 young (14336K), 14 survivors (14336K)
 Metaspace       used 40187K, capacity 41085K, committed 41344K, reserved 1085440K
  class space    used 5091K, capacity 5457K, committed 5504K, reserved 1048576K
}
Event: 6.287 GC heap before
{Heap before GC invocations=9 (full 0):
 garbage-first heap   total 260096K, used 158668K [0x0000000080000000, 0x0000000100000000)
  region size 1024K, 138 young (141312K), 14 survivors (14336K)
 Metaspace       used 40755K, capacity 41691K, committed 41984K, reserved 1085440K
  class space    used 5153K, capacity 5554K, committed 5632K, reserved 1048576K
}
Event: 6.295 GC heap after
{Heap after GC invocations=10 (full 0):
 garbage-first heap   total 260096K, used 33710K [0x0000000080000000, 0x0000000100000000)
  region size 1024K, 11 young (11264K), 11 survivors (11264K)
 Metaspace       used 40755K, capacity 41691K, committed 41984K, reserved 1085440K
  class space    used 5153K, capacity 5554K, committed 5632K, reserved 1048576K
}
Event: 10.102 GC heap before
{Heap before GC invocations=10 (full 0):
 garbage-first heap   total 260096K, used 164782K [0x0000000080000000, 0x0000000100000000)
  region size 1024K, 138 young (141312K), 11 survivors (11264K)
 Metaspace       used 44644K, capacity 45883K, committed 46080K, reserved 1089536K
  class space    used 5608K, capacity 6104K, committed 6144K, reserved 1048576K
}
Event: 10.114 GC heap after
{Heap after GC invocations=11 (full 0):
 garbage-first heap   total 260096K, used 49000K [0x0000000080000000, 0x0000000100000000)
  region size 1024K, 18 young (18432K), 18 survivors (18432K)
 Metaspace       used 44644K, capacity 45883K, committed 46080K, reserved 1089536K
  class space    used 5608K, capacity 6104K, committed 6144K, reserved 1048576K
}
Event: 10.971 GC heap before
{Heap before GC invocations=11 (full 0):
 garbage-first heap   total 260096K, used 173928K [0x0000000080000000, 0x0000000100000000)
  region size 1024K, 138 young (141312K), 18 survivors (18432K)
 Metaspace       used 51072K, capacity 52741K, committed 52992K, reserved 1095680K
  class space    used 6494K, capacity 7124K, committed 7168K, reserved 1048576K
}
Event: 10.977 GC heap after
{Heap after GC invocations=12 (full 0):
 garbage-first heap   total 260096K, used 49765K [0x0000000080000000, 0x0000000100000000)
  region size 1024K, 10 young (10240K), 10 survivors (10240K)
 Metaspace       used 51072K, capacity 52741K, committed 52992K, reserved 1095680K
  class space    used 6494K, capacity 7124K, committed 7168K, reserved 1048576K
}

