# JRE version: OpenJDK Runtime Environment (11.0.10) (build 11.0.10+0-b96-7249189)
# Java VM: OpenJDK 64-Bit Server VM (11.0.10+0-b96-7249189, mixed mode, tiered, compressed oops, g1 gc, windows-amd64)
Heap:
 garbage-first heap   total 312320K, used 62278K [0x0000000702600000, 0x0000000800000000)
  region size 1024K, 40 young (40960K), 11 survivors (11264K)
 Metaspace       used 51677K, capacity 52253K, committed 52352K, reserved 1095680K
  class space    used 5963K, capacity 6185K, committed 6272K, reserved 1048576K
GC Heap History (12 events):
Event: 0.392 GC heap before
{Heap before GC invocations=0 (full 0):
 garbage-first heap   total 260096K, used 27648K [0x0000000702600000, 0x0000000800000000)
  region size 1024K, 24 young (24576K), 0 survivors (0K)
 Metaspace       used 12427K, capacity 12588K, committed 12800K, reserved 1060864K
  class space    used 1166K, capacity 1215K, committed 1280K, reserved 1048576K
}
Event: 0.394 GC heap after
{Heap after GC invocations=1 (full 0):
 garbage-first heap   total 260096K, used 5870K [0x0000000702600000, 0x0000000800000000)
  region size 1024K, 3 young (3072K), 3 survivors (3072K)
 Metaspace       used 12427K, capacity 12588K, committed 12800K, reserved 1060864K
  class space    used 1166K, capacity 1215K, committed 1280K, reserved 1048576K
}
Event: 0.799 GC heap before
{Heap before GC invocations=1 (full 0):
 garbage-first heap   total 260096K, used 40686K [0x0000000702600000, 0x0000000800000000)
  region size 1024K, 38 young (38912K), 3 survivors (3072K)
 Metaspace       used 20965K, capacity 21169K, committed 21248K, reserved 1069056K
  class space    used 2222K, capacity 2288K, committed 2304K, reserved 1048576K
}
Event: 0.806 GC heap after
{Heap after GC invocations=2 (full 0):
 garbage-first heap   total 260096K, used 9454K [0x0000000702600000, 0x0000000800000000)
  region size 1024K, 7 young (7168K), 7 survivors (7168K)
 Metaspace       used 20965K, capacity 21169K, committed 21248K, reserved 1069056K
  class space    used 2222K, capacity 2288K, committed 2304K, reserved 1048576K
}
Event: 1.369 GC heap before
{Heap before GC invocations=3 (full 0):
 garbage-first heap   total 260096K, used 68846K [0x0000000702600000, 0x0000000800000000)
  region size 1024K, 56 young (57344K), 7 survivors (7168K)
 Metaspace       used 31759K, capacity 32203K, committed 32384K, reserved 1077248K
  class space    used 3784K, capacity 3954K, committed 3968K, reserved 1048576K
}
Event: 1.378 GC heap after
{Heap after GC invocations=4 (full 0):
 garbage-first heap   total 260096K, used 20798K [0x0000000702600000, 0x0000000800000000)
  region size 1024K, 7 young (7168K), 7 survivors (7168K)
 Metaspace       used 31759K, capacity 32203K, committed 32384K, reserved 1077248K
  class space    used 3784K, capacity 3954K, committed 3968K, reserved 1048576K
}
Event: 1.555 GC heap before
{Heap before GC invocations=4 (full 0):
 garbage-first heap   total 260096K, used 39230K [0x0000000702600000, 0x0000000800000000)
  region size 1024K, 26 young (26624K), 7 survivors (7168K)
 Metaspace       used 35101K, capacity 35506K, committed 35584K, reserved 1081344K
  class space    used 4131K, capacity 4285K, committed 4352K, reserved 1048576K
}
Event: 1.563 GC heap after
{Heap after GC invocations=5 (full 0):
 garbage-first heap   total 260096K, used 23679K [0x0000000702600000, 0x0000000800000000)
  region size 1024K, 10 young (10240K), 10 survivors (10240K)
 Metaspace       used 35101K, capacity 35506K, committed 35584K, reserved 1081344K
  class space    used 4131K, capacity 4285K, committed 4352K, reserved 1048576K
}
Event: 1.622 GC heap before
{Heap before GC invocations=6 (full 0):
 garbage-first heap   total 260096K, used 30847K [0x0000000702600000, 0x0000000800000000)
  region size 1024K, 17 young (17408K), 10 survivors (10240K)
 Metaspace       used 36496K, capacity 36978K, committed 36992K, reserved 1081344K
  class space    used 4304K, capacity 4477K, committed 4480K, reserved 1048576K
}
Event: 1.628 GC heap after
{Heap after GC invocations=7 (full 0):
 garbage-first heap   total 312320K, used 24872K [0x0000000702600000, 0x0000000800000000)
  region size 1024K, 2 young (2048K), 2 survivors (2048K)
 Metaspace       used 36496K, capacity 36978K, committed 36992K, reserved 1081344K
  class space    used 4304K, capacity 4477K, committed 4480K, reserved 1048576K
}
Event: 2.651 GC heap before
{Heap before GC invocations=7 (full 0):
 garbage-first heap   total 312320K, used 123176K [0x0000000702600000, 0x0000000800000000)
  region size 1024K, 97 young (99328K), 2 survivors (2048K)
 Metaspace       used 49681K, capacity 50231K, committed 50304K, reserved 1093632K
  class space    used 5780K, capacity 5980K, committed 6016K, reserved 1048576K
}
Event: 2.657 GC heap after
{Heap after GC invocations=8 (full 0):
 garbage-first heap   total 312320K, used 33606K [0x0000000702600000, 0x0000000800000000)
  region size 1024K, 11 young (11264K), 11 survivors (11264K)
 Metaspace       used 49681K, capacity 50231K, committed 50304K, reserved 1093632K
  class space    used 5780K, capacity 5980K, committed 6016K, reserved 1048576K
}

