# JRE version: OpenJDK Runtime Environment (11.0.10) (build 11.0.10+0-b96-7249189)
# Java VM: OpenJDK 64-Bit Server VM (11.0.10+0-b96-7249189, mixed mode, tiered, compressed oops, g1 gc, windows-amd64)
Heap:
 garbage-first heap   total 260096K, used 33408K [0x0000000080000000, 0x0000000100000000)
  region size 1024K, 16 young (16384K), 6 survivors (6144K)
 Metaspace       used 36608K, capacity 37404K, committed 37632K, reserved 1081344K
  class space    used 4681K, capacity 4998K, committed 5120K, reserved 1048576K
GC Heap History (10 events):
Event: 0.474 GC heap before
{Heap before GC invocations=0 (full 0):
 garbage-first heap   total 260096K, used 29696K [0x0000000080000000, 0x0000000100000000)
  region size 1024K, 24 young (24576K), 0 survivors (0K)
 Metaspace       used 10332K, capacity 10561K, committed 10752K, reserved 1058816K
  class space    used 1086K, capacity 1163K, committed 1280K, reserved 1048576K
}
Event: 0.476 GC heap after
{Heap after GC invocations=1 (full 0):
 garbage-first heap   total 260096K, used 8782K [0x0000000080000000, 0x0000000100000000)
  region size 1024K, 3 young (3072K), 3 survivors (3072K)
 Metaspace       used 10332K, capacity 10561K, committed 10752K, reserved 1058816K
  class space    used 1086K, capacity 1163K, committed 1280K, reserved 1048576K
}
Event: 1.574 GC heap before
{Heap before GC invocations=1 (full 0):
 garbage-first heap   total 260096K, used 93774K [0x0000000080000000, 0x0000000100000000)
  region size 1024K, 88 young (90112K), 3 survivors (3072K)
 Metaspace       used 20585K, capacity 21085K, committed 21248K, reserved 1067008K
  class space    used 2522K, capacity 2703K, committed 2816K, reserved 1048576K
}
Event: 1.579 GC heap after
{Heap after GC invocations=2 (full 0):
 garbage-first heap   total 260096K, used 15949K [0x0000000080000000, 0x0000000100000000)
  region size 1024K, 10 young (10240K), 10 survivors (10240K)
 Metaspace       used 20585K, capacity 21085K, committed 21248K, reserved 1067008K
  class space    used 2522K, capacity 2703K, committed 2816K, reserved 1048576K
}
Event: 1.650 GC heap before
{Heap before GC invocations=3 (full 0):
 garbage-first heap   total 260096K, used 31309K [0x0000000080000000, 0x0000000100000000)
  region size 1024K, 25 young (25600K), 10 survivors (10240K)
 Metaspace       used 21605K, capacity 22065K, committed 22144K, reserved 1069056K
  class space    used 2728K, capacity 2903K, committed 2944K, reserved 1048576K
}
Event: 1.653 GC heap after
{Heap after GC invocations=4 (full 0):
 garbage-first heap   total 260096K, used 17046K [0x0000000080000000, 0x0000000100000000)
  region size 1024K, 1 young (1024K), 1 survivors (1024K)
 Metaspace       used 21605K, capacity 22065K, committed 22144K, reserved 1069056K
  class space    used 2728K, capacity 2903K, committed 2944K, reserved 1048576K
}
Event: 2.123 GC heap before
{Heap before GC invocations=4 (full 0):
 garbage-first heap   total 260096K, used 80534K [0x0000000080000000, 0x0000000100000000)
  region size 1024K, 63 young (64512K), 1 survivors (1024K)
 Metaspace       used 28282K, capacity 28933K, committed 29184K, reserved 1075200K
  class space    used 3775K, capacity 4004K, committed 4096K, reserved 1048576K
}
Event: 2.125 GC heap after
{Heap after GC invocations=5 (full 0):
 garbage-first heap   total 260096K, used 18930K [0x0000000080000000, 0x0000000100000000)
  region size 1024K, 3 young (3072K), 3 survivors (3072K)
 Metaspace       used 28282K, capacity 28933K, committed 29184K, reserved 1075200K
  class space    used 3775K, capacity 4004K, committed 4096K, reserved 1048576K
}
Event: 2.454 GC heap before
{Heap before GC invocations=5 (full 0):
 garbage-first heap   total 260096K, used 54770K [0x0000000080000000, 0x0000000100000000)
  region size 1024K, 37 young (37888K), 3 survivors (3072K)
 Metaspace       used 35105K, capacity 35798K, committed 35840K, reserved 1081344K
  class space    used 4552K, capacity 4844K, committed 4864K, reserved 1048576K
}
Event: 2.461 GC heap after
{Heap after GC invocations=6 (full 0):
 garbage-first heap   total 260096K, used 24192K [0x0000000080000000, 0x0000000100000000)
  region size 1024K, 6 young (6144K), 6 survivors (6144K)
 Metaspace       used 35105K, capacity 35798K, committed 35840K, reserved 1081344K
  class space    used 4552K, capacity 4844K, committed 4864K, reserved 1048576K
}

